#-----------------------------------------------------------
# Vivado v2019.2 (64-bit)
# SW Build 2708876 on Wed Nov  6 21:40:23 MST 2019
# IP Build 2700528 on Thu Nov  7 00:09:20 MST 2019
# Start of session at: Sat Oct 24 14:19:10 2020
# Process ID: 22912
# Current directory: C:/Users/NCJ/Documents/GitHub/carch/exp/03/pipeline_cpu
# Command line: vivado.exe -gui_launcher_event rodinguilauncherevent117432 C:\Users\NCJ\Documents\GitHub\carch\exp\03\pipeline_cpu\pipeline_cpu.xpr
# Log file: C:/Users/NCJ/Documents/GitHub/carch/exp/03/pipeline_cpu/vivado.log
# Journal file: C:/Users/NCJ/Documents/GitHub/carch/exp/03/pipeline_cpu\vivado.jou
#-----------------------------------------------------------
start_gui
open_project C:/Users/NCJ/Documents/GitHub/carch/exp/03/pipeline_cpu/pipeline_cpu.xpr
Scanning sources...
Finished scanning sources
INFO: [IP_Flow 19-234] Refreshing IP repositories
INFO: [IP_Flow 19-1704] No user IP repositories specified
INFO: [IP_Flow 19-2313] Loaded Vivado IP repository 'D:/Vivado/Vivado/2019.2/data/ip'.
open_project: Time (s): cpu = 00:00:12 ; elapsed = 00:00:20 . Memory (MB): peak = 870.688 ; gain = 251.465
update_compile_order -fileset sources_1
close [ open C:/Users/NCJ/Documents/GitHub/carch/exp/03/pipeline_cpu/pipeline_cpu.srcs/sources_1/new/ID.v w ]
add_files C:/Users/NCJ/Documents/GitHub/carch/exp/03/pipeline_cpu/pipeline_cpu.srcs/sources_1/new/ID.v
update_compile_order -fileset sources_1
update_compile_order -fileset sources_1
update_compile_order -fileset sources_1
update_compile_order -fileset sources_1
update_compile_order -fileset sources_1
update_compile_order -fileset sources_1
update_compile_order -fileset sources_1
close [ open C:/Users/NCJ/Documents/GitHub/carch/exp/03/pipeline_cpu/pipeline_cpu.srcs/sources_1/new/EXE.v w ]
add_files C:/Users/NCJ/Documents/GitHub/carch/exp/03/pipeline_cpu/pipeline_cpu.srcs/sources_1/new/EXE.v
update_compile_order -fileset sources_1
update_compile_order -fileset sources_1
update_compile_order -fileset sources_1
update_compile_order -fileset sources_1
update_compile_order -fileset sources_1
update_compile_order -fileset sources_1
update_compile_order -fileset sources_1
update_compile_order -fileset sources_1
update_compile_order -fileset sources_1
update_compile_order -fileset sources_1
update_compile_order -fileset sources_1
update_compile_order -fileset sources_1
close [ open C:/Users/NCJ/Documents/GitHub/carch/exp/03/pipeline_cpu/pipeline_cpu.srcs/sources_1/new/MEM.v w ]
add_files C:/Users/NCJ/Documents/GitHub/carch/exp/03/pipeline_cpu/pipeline_cpu.srcs/sources_1/new/MEM.v
update_compile_order -fileset sources_1
update_compile_order -fileset sources_1
close [ open C:/Users/NCJ/Documents/GitHub/carch/exp/03/pipeline_cpu/pipeline_cpu.srcs/sources_1/new/WB.v w ]
add_files C:/Users/NCJ/Documents/GitHub/carch/exp/03/pipeline_cpu/pipeline_cpu.srcs/sources_1/new/WB.v
update_compile_order -fileset sources_1
update_compile_order -fileset sources_1
update_compile_order -fileset sources_1
export_ip_user_files -of_objects  [get_files C:/Users/NCJ/Documents/GitHub/carch/exp/03/pipeline_cpu/pipeline_cpu.srcs/sources_1/imports/imports/cpu/datapath.v] -no_script -reset -force -quiet
remove_files  C:/Users/NCJ/Documents/GitHub/carch/exp/03/pipeline_cpu/pipeline_cpu.srcs/sources_1/imports/imports/cpu/datapath.v
update_compile_order -fileset sources_1
update_compile_order -fileset sources_1
update_compile_order -fileset sources_1
update_compile_order -fileset sources_1
update_compile_order -fileset sources_1
update_compile_order -fileset sources_1
